2023-10-07T01:53:18+00:00 CRITICAL Uncaught Error: Class "Elementor_Widget_1" not found in C:\wamp64\www\app1\wp-content\themes\hello-elementor\functions.php:250
Stack trace:
#0 C:\wamp64\www\app1\wp-includes\class-wp-hook.php(310): register_new_widgets(Object(Elementor\Widgets_Manager))
#1 C:\wamp64\www\app1\wp-includes\class-wp-hook.php(334): WP_Hook->apply_filters(NULL, Array)
#2 C:\wamp64\www\app1\wp-includes\plugin.php(517): WP_Hook->do_action(Array)
#3 C:\wamp64\www\app1\wp-content\plugins\elementor\includes\managers\widgets.php(138): do_action('elementor/widge...', Object(Elementor\Widgets_Manager))
#4 C:\wamp64\www\app1\wp-content\plugins\elementor\includes\managers\widgets.php(328): Elementor\Widgets_Manager->init_widgets()
#5 C:\wamp64\www\app1\wp-content\plugins\elementor\includes\managers\widgets.php(351): Elementor\Widgets_Manager->get_widget_types()
#6 C:\wamp64\www\app1\wp-content\plugins\elementor\core\base\document.php(680): Elementor\Widgets_Manager->get_widget_types_config()
#7 C:\wamp64\www\app1\wp-content\plugins\elementor\includes\base\controls-stack.php(1010): Elementor\Core\Base\Document->get_initial_config()
#8 C:\wamp64\www\app1\wp-content\plugins\elementor\core\editor\loader\common\editor-common-scripts-settings.php(33): Elementor\Controls_Stack->get_config()
#9 C:\wamp64\www\app1\wp-content\plugins\elementor\core\editor\loader\v1\editor-v1-loader.php(76): Elementor\Core\Editor\Loader\Common\Editor_Common_Scripts_Settings::get()
#10 C:\wamp64\www\app1\wp-content\plugins\elementor\core\editor\editor.php(358): Elementor\Core\Editor\Loader\V1\Editor_V1_Loader->enqueue_scripts()
#11 C:\wamp64\www\app1\wp-includes\class-wp-hook.php(310): Elementor\Core\Editor\Editor->enqueue_scripts('')
#12 C:\wamp64\www\app1\wp-includes\class-wp-hook.php(334): WP_Hook->apply_filters('', Array)
#13 C:\wamp64\www\app1\wp-includes\plugin.php(517): WP_Hook->do_action(Array)
#14 C:\wamp64\www\app1\wp-includes\script-loader.php(2225): do_action('wp_enqueue_scri...')
#15 C:\wamp64\www\app1\wp-includes\class-wp-hook.php(310): wp_enqueue_scripts('')
#16 C:\wamp64\www\app1\wp-includes\class-wp-hook.php(334): WP_Hook->apply_filters('', Array)
#17 C:\wamp64\www\app1\wp-includes\plugin.php(517): WP_Hook->do_action(Array)
#18 C:\wamp64\www\app1\wp-includes\general-template.php(3053): do_action('wp_head')
#19 C:\wamp64\www\app1\wp-content\plugins\elementor\includes\editor-templates\editor-wrapper.php(31): wp_head()
#20 C:\wamp64\www\app1\wp-content\plugins\elementor\core\editor\loader\v1\editor-v1-loader.php(110): include('C:\\wamp64\\www\\a...')
#21 C:\wamp64\www\app1\wp-content\plugins\elementor\core\editor\editor.php(163): Elementor\Core\Editor\Loader\V1\Editor_V1_Loader->print_root_template()
#22 C:\wamp64\www\app1\wp-includes\class-wp-hook.php(310): Elementor\Core\Editor\Editor->init('')
#23 C:\wamp64\www\app1\wp-includes\class-wp-hook.php(334): WP_Hook->apply_filters('', Array)
#24 C:\wamp64\www\app1\wp-includes\plugin.php(517): WP_Hook->do_action(Array)
#25 C:\wamp64\www\app1\wp-admin\admin.php(419): do_action('admin_action_el...')
#26 C:\wamp64\www\app1\wp-admin\post.php(12): require_once('C:\\wamp64\\www\\a...')
#27 {main}
  thrown in C:\wamp64\www\app1\wp-content\themes\hello-elementor\functions.php on line 250

2023-10-07T01:53:55+00:00 CRITICAL Uncaught Error: Class "Elementor_Test_Widget" not found in C:\wamp64\www\app1\wp-content\themes\hello-elementor\functions.php:250
Stack trace:
#0 C:\wamp64\www\app1\wp-includes\class-wp-hook.php(310): register_new_widgets(Object(Elementor\Widgets_Manager))
#1 C:\wamp64\www\app1\wp-includes\class-wp-hook.php(334): WP_Hook->apply_filters(NULL, Array)
#2 C:\wamp64\www\app1\wp-includes\plugin.php(517): WP_Hook->do_action(Array)
#3 C:\wamp64\www\app1\wp-content\plugins\elementor\includes\managers\widgets.php(138): do_action('elementor/widge...', Object(Elementor\Widgets_Manager))
#4 C:\wamp64\www\app1\wp-content\plugins\elementor\includes\managers\widgets.php(328): Elementor\Widgets_Manager->init_widgets()
#5 C:\wamp64\www\app1\wp-content\plugins\elementor\includes\managers\widgets.php(351): Elementor\Widgets_Manager->get_widget_types()
#6 C:\wamp64\www\app1\wp-content\plugins\elementor\core\base\document.php(680): Elementor\Widgets_Manager->get_widget_types_config()
#7 C:\wamp64\www\app1\wp-content\plugins\elementor\includes\base\controls-stack.php(1010): Elementor\Core\Base\Document->get_initial_config()
#8 C:\wamp64\www\app1\wp-content\plugins\elementor\core\editor\loader\common\editor-common-scripts-settings.php(33): Elementor\Controls_Stack->get_config()
#9 C:\wamp64\www\app1\wp-content\plugins\elementor\core\editor\loader\v1\editor-v1-loader.php(76): Elementor\Core\Editor\Loader\Common\Editor_Common_Scripts_Settings::get()
#10 C:\wamp64\www\app1\wp-content\plugins\elementor\core\editor\editor.php(358): Elementor\Core\Editor\Loader\V1\Editor_V1_Loader->enqueue_scripts()
#11 C:\wamp64\www\app1\wp-includes\class-wp-hook.php(310): Elementor\Core\Editor\Editor->enqueue_scripts('')
#12 C:\wamp64\www\app1\wp-includes\class-wp-hook.php(334): WP_Hook->apply_filters('', Array)
#13 C:\wamp64\www\app1\wp-includes\plugin.php(517): WP_Hook->do_action(Array)
#14 C:\wamp64\www\app1\wp-includes\script-loader.php(2225): do_action('wp_enqueue_scri...')
#15 C:\wamp64\www\app1\wp-includes\class-wp-hook.php(310): wp_enqueue_scripts('')
#16 C:\wamp64\www\app1\wp-includes\class-wp-hook.php(334): WP_Hook->apply_filters('', Array)
#17 C:\wamp64\www\app1\wp-includes\plugin.php(517): WP_Hook->do_action(Array)
#18 C:\wamp64\www\app1\wp-includes\general-template.php(3053): do_action('wp_head')
#19 C:\wamp64\www\app1\wp-content\plugins\elementor\includes\editor-templates\editor-wrapper.php(31): wp_head()
#20 C:\wamp64\www\app1\wp-content\plugins\elementor\core\editor\loader\v1\editor-v1-loader.php(110): include('C:\\wamp64\\www\\a...')
#21 C:\wamp64\www\app1\wp-content\plugins\elementor\core\editor\editor.php(163): Elementor\Core\Editor\Loader\V1\Editor_V1_Loader->print_root_template()
#22 C:\wamp64\www\app1\wp-includes\class-wp-hook.php(310): Elementor\Core\Editor\Editor->init('')
#23 C:\wamp64\www\app1\wp-includes\class-wp-hook.php(334): WP_Hook->apply_filters('', Array)
#24 C:\wamp64\www\app1\wp-includes\plugin.php(517): WP_Hook->do_action(Array)
#25 C:\wamp64\www\app1\wp-admin\admin.php(419): do_action('admin_action_el...')
#26 C:\wamp64\www\app1\wp-admin\post.php(12): require_once('C:\\wamp64\\www\\a...')
#27 {main}
  thrown in C:\wamp64\www\app1\wp-content\themes\hello-elementor\functions.php on line 250

2023-10-07T01:54:10+00:00 CRITICAL Uncaught Error: Class "Elementor_Test_Widget" not found in C:\wamp64\www\app1\wp-content\themes\hello-elementor\functions.php:250
Stack trace:
#0 C:\wamp64\www\app1\wp-includes\class-wp-hook.php(310): register_new_widgets(Object(Elementor\Widgets_Manager))
#1 C:\wamp64\www\app1\wp-includes\class-wp-hook.php(334): WP_Hook->apply_filters(NULL, Array)
#2 C:\wamp64\www\app1\wp-includes\plugin.php(517): WP_Hook->do_action(Array)
#3 C:\wamp64\www\app1\wp-content\plugins\elementor\includes\managers\widgets.php(138): do_action('elementor/widge...', Object(Elementor\Widgets_Manager))
#4 C:\wamp64\www\app1\wp-content\plugins\elementor\includes\managers\widgets.php(328): Elementor\Widgets_Manager->init_widgets()
#5 C:\wamp64\www\app1\wp-content\plugins\elementor\includes\managers\widgets.php(351): Elementor\Widgets_Manager->get_widget_types()
#6 C:\wamp64\www\app1\wp-content\plugins\elementor\core\base\document.php(680): Elementor\Widgets_Manager->get_widget_types_config()
#7 C:\wamp64\www\app1\wp-content\plugins\elementor\includes\base\controls-stack.php(1010): Elementor\Core\Base\Document->get_initial_config()
#8 C:\wamp64\www\app1\wp-content\plugins\elementor\core\editor\loader\common\editor-common-scripts-settings.php(33): Elementor\Controls_Stack->get_config()
#9 C:\wamp64\www\app1\wp-content\plugins\elementor\core\editor\loader\v1\editor-v1-loader.php(76): Elementor\Core\Editor\Loader\Common\Editor_Common_Scripts_Settings::get()
#10 C:\wamp64\www\app1\wp-content\plugins\elementor\core\editor\editor.php(358): Elementor\Core\Editor\Loader\V1\Editor_V1_Loader->enqueue_scripts()
#11 C:\wamp64\www\app1\wp-includes\class-wp-hook.php(310): Elementor\Core\Editor\Editor->enqueue_scripts('')
#12 C:\wamp64\www\app1\wp-includes\class-wp-hook.php(334): WP_Hook->apply_filters('', Array)
#13 C:\wamp64\www\app1\wp-includes\plugin.php(517): WP_Hook->do_action(Array)
#14 C:\wamp64\www\app1\wp-includes\script-loader.php(2225): do_action('wp_enqueue_scri...')
#15 C:\wamp64\www\app1\wp-includes\class-wp-hook.php(310): wp_enqueue_scripts('')
#16 C:\wamp64\www\app1\wp-includes\class-wp-hook.php(334): WP_Hook->apply_filters('', Array)
#17 C:\wamp64\www\app1\wp-includes\plugin.php(517): WP_Hook->do_action(Array)
#18 C:\wamp64\www\app1\wp-includes\general-template.php(3053): do_action('wp_head')
#19 C:\wamp64\www\app1\wp-content\plugins\elementor\includes\editor-templates\editor-wrapper.php(31): wp_head()
#20 C:\wamp64\www\app1\wp-content\plugins\elementor\core\editor\loader\v1\editor-v1-loader.php(110): include('C:\\wamp64\\www\\a...')
#21 C:\wamp64\www\app1\wp-content\plugins\elementor\core\editor\editor.php(163): Elementor\Core\Editor\Loader\V1\Editor_V1_Loader->print_root_template()
#22 C:\wamp64\www\app1\wp-includes\class-wp-hook.php(310): Elementor\Core\Editor\Editor->init('')
#23 C:\wamp64\www\app1\wp-includes\class-wp-hook.php(334): WP_Hook->apply_filters('', Array)
#24 C:\wamp64\www\app1\wp-includes\plugin.php(517): WP_Hook->do_action(Array)
#25 C:\wamp64\www\app1\wp-admin\admin.php(419): do_action('admin_action_el...')
#26 C:\wamp64\www\app1\wp-admin\post.php(12): require_once('C:\\wamp64\\www\\a...')
#27 {main}
  thrown in C:\wamp64\www\app1\wp-content\themes\hello-elementor\functions.php on line 250

2023-10-07T01:54:15+00:00 CRITICAL Uncaught Error: Class "Elementor_Test_Widget" not found in C:\wamp64\www\app1\wp-content\themes\hello-elementor\functions.php:250
Stack trace:
#0 C:\wamp64\www\app1\wp-includes\class-wp-hook.php(310): register_new_widgets(Object(Elementor\Widgets_Manager))
#1 C:\wamp64\www\app1\wp-includes\class-wp-hook.php(334): WP_Hook->apply_filters(NULL, Array)
#2 C:\wamp64\www\app1\wp-includes\plugin.php(517): WP_Hook->do_action(Array)
#3 C:\wamp64\www\app1\wp-content\plugins\elementor\includes\managers\widgets.php(138): do_action('elementor/widge...', Object(Elementor\Widgets_Manager))
#4 C:\wamp64\www\app1\wp-content\plugins\elementor\includes\managers\widgets.php(328): Elementor\Widgets_Manager->init_widgets()
#5 C:\wamp64\www\app1\wp-content\plugins\elementor\includes\managers\widgets.php(351): Elementor\Widgets_Manager->get_widget_types()
#6 C:\wamp64\www\app1\wp-content\plugins\elementor\core\base\document.php(680): Elementor\Widgets_Manager->get_widget_types_config()
#7 C:\wamp64\www\app1\wp-content\plugins\elementor\includes\base\controls-stack.php(1010): Elementor\Core\Base\Document->get_initial_config()
#8 C:\wamp64\www\app1\wp-content\plugins\elementor\core\editor\loader\common\editor-common-scripts-settings.php(33): Elementor\Controls_Stack->get_config()
#9 C:\wamp64\www\app1\wp-content\plugins\elementor\core\editor\loader\v1\editor-v1-loader.php(76): Elementor\Core\Editor\Loader\Common\Editor_Common_Scripts_Settings::get()
#10 C:\wamp64\www\app1\wp-content\plugins\elementor\core\editor\editor.php(358): Elementor\Core\Editor\Loader\V1\Editor_V1_Loader->enqueue_scripts()
#11 C:\wamp64\www\app1\wp-includes\class-wp-hook.php(310): Elementor\Core\Editor\Editor->enqueue_scripts('')
#12 C:\wamp64\www\app1\wp-includes\class-wp-hook.php(334): WP_Hook->apply_filters('', Array)
#13 C:\wamp64\www\app1\wp-includes\plugin.php(517): WP_Hook->do_action(Array)
#14 C:\wamp64\www\app1\wp-includes\script-loader.php(2225): do_action('wp_enqueue_scri...')
#15 C:\wamp64\www\app1\wp-includes\class-wp-hook.php(310): wp_enqueue_scripts('')
#16 C:\wamp64\www\app1\wp-includes\class-wp-hook.php(334): WP_Hook->apply_filters('', Array)
#17 C:\wamp64\www\app1\wp-includes\plugin.php(517): WP_Hook->do_action(Array)
#18 C:\wamp64\www\app1\wp-includes\general-template.php(3053): do_action('wp_head')
#19 C:\wamp64\www\app1\wp-content\plugins\elementor\includes\editor-templates\editor-wrapper.php(31): wp_head()
#20 C:\wamp64\www\app1\wp-content\plugins\elementor\core\editor\loader\v1\editor-v1-loader.php(110): include('C:\\wamp64\\www\\a...')
#21 C:\wamp64\www\app1\wp-content\plugins\elementor\core\editor\editor.php(163): Elementor\Core\Editor\Loader\V1\Editor_V1_Loader->print_root_template()
#22 C:\wamp64\www\app1\wp-includes\class-wp-hook.php(310): Elementor\Core\Editor\Editor->init('')
#23 C:\wamp64\www\app1\wp-includes\class-wp-hook.php(334): WP_Hook->apply_filters('', Array)
#24 C:\wamp64\www\app1\wp-includes\plugin.php(517): WP_Hook->do_action(Array)
#25 C:\wamp64\www\app1\wp-admin\admin.php(419): do_action('admin_action_el...')
#26 C:\wamp64\www\app1\wp-admin\post.php(12): require_once('C:\\wamp64\\www\\a...')
#27 {main}
  thrown in C:\wamp64\www\app1\wp-content\themes\hello-elementor\functions.php on line 250

2023-10-07T01:55:35+00:00 CRITICAL Uncaught Error: Class "Elementor_Test_Widget" not found in C:\wamp64\www\app1\wp-content\themes\hello-elementor\functions.php:250
Stack trace:
#0 C:\wamp64\www\app1\wp-includes\class-wp-hook.php(310): register_new_widgets(Object(Elementor\Widgets_Manager))
#1 C:\wamp64\www\app1\wp-includes\class-wp-hook.php(334): WP_Hook->apply_filters(NULL, Array)
#2 C:\wamp64\www\app1\wp-includes\plugin.php(517): WP_Hook->do_action(Array)
#3 C:\wamp64\www\app1\wp-content\plugins\elementor\includes\managers\widgets.php(138): do_action('elementor/widge...', Object(Elementor\Widgets_Manager))
#4 C:\wamp64\www\app1\wp-content\plugins\elementor\includes\managers\widgets.php(328): Elementor\Widgets_Manager->init_widgets()
#5 C:\wamp64\www\app1\wp-content\plugins\elementor\includes\managers\widgets.php(351): Elementor\Widgets_Manager->get_widget_types()
#6 C:\wamp64\www\app1\wp-content\plugins\elementor\core\base\document.php(680): Elementor\Widgets_Manager->get_widget_types_config()
#7 C:\wamp64\www\app1\wp-content\plugins\elementor\includes\base\controls-stack.php(1010): Elementor\Core\Base\Document->get_initial_config()
#8 C:\wamp64\www\app1\wp-content\plugins\elementor\core\editor\loader\common\editor-common-scripts-settings.php(33): Elementor\Controls_Stack->get_config()
#9 C:\wamp64\www\app1\wp-content\plugins\elementor\core\editor\loader\v1\editor-v1-loader.php(76): Elementor\Core\Editor\Loader\Common\Editor_Common_Scripts_Settings::get()
#10 C:\wamp64\www\app1\wp-content\plugins\elementor\core\editor\editor.php(358): Elementor\Core\Editor\Loader\V1\Editor_V1_Loader->enqueue_scripts()
#11 C:\wamp64\www\app1\wp-includes\class-wp-hook.php(310): Elementor\Core\Editor\Editor->enqueue_scripts('')
#12 C:\wamp64\www\app1\wp-includes\class-wp-hook.php(334): WP_Hook->apply_filters('', Array)
#13 C:\wamp64\www\app1\wp-includes\plugin.php(517): WP_Hook->do_action(Array)
#14 C:\wamp64\www\app1\wp-includes\script-loader.php(2225): do_action('wp_enqueue_scri...')
#15 C:\wamp64\www\app1\wp-includes\class-wp-hook.php(310): wp_enqueue_scripts('')
#16 C:\wamp64\www\app1\wp-includes\class-wp-hook.php(334): WP_Hook->apply_filters('', Array)
#17 C:\wamp64\www\app1\wp-includes\plugin.php(517): WP_Hook->do_action(Array)
#18 C:\wamp64\www\app1\wp-includes\general-template.php(3053): do_action('wp_head')
#19 C:\wamp64\www\app1\wp-content\plugins\elementor\includes\editor-templates\editor-wrapper.php(31): wp_head()
#20 C:\wamp64\www\app1\wp-content\plugins\elementor\core\editor\loader\v1\editor-v1-loader.php(110): include('C:\\wamp64\\www\\a...')
#21 C:\wamp64\www\app1\wp-content\plugins\elementor\core\editor\editor.php(163): Elementor\Core\Editor\Loader\V1\Editor_V1_Loader->print_root_template()
#22 C:\wamp64\www\app1\wp-includes\class-wp-hook.php(310): Elementor\Core\Editor\Editor->init('')
#23 C:\wamp64\www\app1\wp-includes\class-wp-hook.php(334): WP_Hook->apply_filters('', Array)
#24 C:\wamp64\www\app1\wp-includes\plugin.php(517): WP_Hook->do_action(Array)
#25 C:\wamp64\www\app1\wp-admin\admin.php(419): do_action('admin_action_el...')
#26 C:\wamp64\www\app1\wp-admin\post.php(12): require_once('C:\\wamp64\\www\\a...')
#27 {main}
  thrown in C:\wamp64\www\app1\wp-content\themes\hello-elementor\functions.php on line 250

2023-10-07T02:12:32+00:00 CRITICAL syntax error, unexpected variable "$products" in C:\wamp64\www\app1\wp-content\themes\hello-elementor\widgets\widget-1.php on line 49

