2023-10-11T00:07:56+00:00 CRITICAL Uncaught Error: Undefined constant "console" in C:\wamp64\www\app1\wp-content\themes\hello-elementor\widgets\widget-1.php:113
Stack trace:
#0 C:\wamp64\www\app1\wp-content\plugins\elementor\includes\base\controls-stack.php(1987): Elementor_Test_Widget->_content_template()
#1 C:\wamp64\www\app1\wp-content\plugins\elementor\includes\managers\widgets.php(510): Elementor\Controls_Stack->print_template()
#2 C:\wamp64\www\app1\wp-content\plugins\elementor\core\editor\editor.php(490): Elementor\Widgets_Manager->render_widgets_content()
#3 C:\wamp64\www\app1\wp-includes\class-wp-hook.php(310): Elementor\Core\Editor\Editor->wp_footer('')
#4 C:\wamp64\www\app1\wp-includes\class-wp-hook.php(334): WP_Hook->apply_filters('', Array)
#5 C:\wamp64\www\app1\wp-includes\plugin.php(517): WP_Hook->do_action(Array)
#6 C:\wamp64\www\app1\wp-includes\general-template.php(3069): do_action('wp_footer')
#7 C:\wamp64\www\app1\wp-content\plugins\elementor\includes\editor-templates\editor-wrapper.php(43): wp_footer()
#8 C:\wamp64\www\app1\wp-content\plugins\elementor\core\editor\loader\v1\editor-v1-loader.php(110): include('C:\\wamp64\\www\\a...')
#9 C:\wamp64\www\app1\wp-content\plugins\elementor\core\editor\editor.php(163): Elementor\Core\Editor\Loader\V1\Editor_V1_Loader->print_root_template()
#10 C:\wamp64\www\app1\wp-includes\class-wp-hook.php(310): Elementor\Core\Editor\Editor->init('')
#11 C:\wamp64\www\app1\wp-includes\class-wp-hook.php(334): WP_Hook->apply_filters('', Array)
#12 C:\wamp64\www\app1\wp-includes\plugin.php(517): WP_Hook->do_action(Array)
#13 C:\wamp64\www\app1\wp-admin\admin.php(419): do_action('admin_action_el...')
#14 C:\wamp64\www\app1\wp-admin\post.php(12): require_once('C:\\wamp64\\www\\a...')
#15 {main}
  thrown in C:\wamp64\www\app1\wp-content\themes\hello-elementor\widgets\widget-1.php on line 113

2023-10-11T00:12:35+00:00 CRITICAL syntax error, unexpected token "<" in C:\wamp64\www\app1\wp-content\themes\hello-elementor\widgets\widget-1.php on line 98

2023-10-11T00:13:15+00:00 CRITICAL syntax error, unexpected token "<" in C:\wamp64\www\app1\wp-content\themes\hello-elementor\widgets\widget-1.php on line 98

2023-10-11T00:13:41+00:00 CRITICAL syntax error, unexpected token "<" in C:\wamp64\www\app1\wp-content\themes\hello-elementor\widgets\widget-1.php on line 98

2023-10-11T00:19:34+00:00 CRITICAL Uncaught Error: Undefined constant "attributes" in C:\wamp64\www\app1\wp-content\themes\hello-elementor\widgets\widget-1.php:102
Stack trace:
#0 C:\wamp64\www\app1\wp-content\plugins\elementor\includes\base\controls-stack.php(1987): Elementor_Test_Widget->_content_template()
#1 C:\wamp64\www\app1\wp-content\plugins\elementor\includes\managers\widgets.php(510): Elementor\Controls_Stack->print_template()
#2 C:\wamp64\www\app1\wp-content\plugins\elementor\core\editor\editor.php(490): Elementor\Widgets_Manager->render_widgets_content()
#3 C:\wamp64\www\app1\wp-includes\class-wp-hook.php(310): Elementor\Core\Editor\Editor->wp_footer('')
#4 C:\wamp64\www\app1\wp-includes\class-wp-hook.php(334): WP_Hook->apply_filters('', Array)
#5 C:\wamp64\www\app1\wp-includes\plugin.php(517): WP_Hook->do_action(Array)
#6 C:\wamp64\www\app1\wp-includes\general-template.php(3069): do_action('wp_footer')
#7 C:\wamp64\www\app1\wp-content\plugins\elementor\includes\editor-templates\editor-wrapper.php(43): wp_footer()
#8 C:\wamp64\www\app1\wp-content\plugins\elementor\core\editor\loader\v1\editor-v1-loader.php(110): include('C:\\wamp64\\www\\a...')
#9 C:\wamp64\www\app1\wp-content\plugins\elementor\core\editor\editor.php(163): Elementor\Core\Editor\Loader\V1\Editor_V1_Loader->print_root_template()
#10 C:\wamp64\www\app1\wp-includes\class-wp-hook.php(310): Elementor\Core\Editor\Editor->init('')
#11 C:\wamp64\www\app1\wp-includes\class-wp-hook.php(334): WP_Hook->apply_filters('', Array)
#12 C:\wamp64\www\app1\wp-includes\plugin.php(517): WP_Hook->do_action(Array)
#13 C:\wamp64\www\app1\wp-admin\admin.php(419): do_action('admin_action_el...')
#14 C:\wamp64\www\app1\wp-admin\post.php(12): require_once('C:\\wamp64\\www\\a...')
#15 {main}
  thrown in C:\wamp64\www\app1\wp-content\themes\hello-elementor\widgets\widget-1.php on line 102

2023-10-11T00:20:44+00:00 CRITICAL Uncaught Error: Undefined constant "attributes" in C:\wamp64\www\app1\wp-content\themes\hello-elementor\widgets\widget-1.php:102
Stack trace:
#0 C:\wamp64\www\app1\wp-content\plugins\elementor\includes\base\controls-stack.php(1987): Elementor_Test_Widget->_content_template()
#1 C:\wamp64\www\app1\wp-content\plugins\elementor\includes\managers\widgets.php(510): Elementor\Controls_Stack->print_template()
#2 C:\wamp64\www\app1\wp-content\plugins\elementor\core\editor\editor.php(490): Elementor\Widgets_Manager->render_widgets_content()
#3 C:\wamp64\www\app1\wp-includes\class-wp-hook.php(310): Elementor\Core\Editor\Editor->wp_footer('')
#4 C:\wamp64\www\app1\wp-includes\class-wp-hook.php(334): WP_Hook->apply_filters('', Array)
#5 C:\wamp64\www\app1\wp-includes\plugin.php(517): WP_Hook->do_action(Array)
#6 C:\wamp64\www\app1\wp-includes\general-template.php(3069): do_action('wp_footer')
#7 C:\wamp64\www\app1\wp-content\plugins\elementor\includes\editor-templates\editor-wrapper.php(43): wp_footer()
#8 C:\wamp64\www\app1\wp-content\plugins\elementor\core\editor\loader\v1\editor-v1-loader.php(110): include('C:\\wamp64\\www\\a...')
#9 C:\wamp64\www\app1\wp-content\plugins\elementor\core\editor\editor.php(163): Elementor\Core\Editor\Loader\V1\Editor_V1_Loader->print_root_template()
#10 C:\wamp64\www\app1\wp-includes\class-wp-hook.php(310): Elementor\Core\Editor\Editor->init('')
#11 C:\wamp64\www\app1\wp-includes\class-wp-hook.php(334): WP_Hook->apply_filters('', Array)
#12 C:\wamp64\www\app1\wp-includes\plugin.php(517): WP_Hook->do_action(Array)
#13 C:\wamp64\www\app1\wp-admin\admin.php(419): do_action('admin_action_el...')
#14 C:\wamp64\www\app1\wp-admin\post.php(12): require_once('C:\\wamp64\\www\\a...')
#15 {main}
  thrown in C:\wamp64\www\app1\wp-content\themes\hello-elementor\widgets\widget-1.php on line 102

2023-10-11T21:14:32+00:00 CRITICAL syntax error, unexpected token ";", expecting ")" in C:\wamp64\www\app1\wp-content\themes\hello-elementor\widgets\widget-1.php on line 60

2023-10-11T21:14:32+00:00 CRITICAL syntax error, unexpected token ";", expecting ")" in C:\wamp64\www\app1\wp-content\themes\hello-elementor\widgets\widget-1.php on line 60

