2023-10-12T03:28:59+00:00 CRITICAL Uncaught Error: Undefined constant "_product" in C:\wamp64\www\app1\wp-content\themes\hello-elementor\widgets\widget-1.php:97
Stack trace:
#0 C:\wamp64\www\app1\wp-content\plugins\elementor\includes\base\controls-stack.php(2265): Elementor_Test_Widget->render()
#1 C:\wamp64\www\app1\wp-content\plugins\elementor\includes\base\widget-base.php(609): Elementor\Controls_Stack->render_by_mode()
#2 C:\wamp64\www\app1\wp-content\plugins\elementor\includes\base\widget-base.php(750): Elementor\Widget_Base->render_content()
#3 C:\wamp64\www\app1\wp-content\plugins\elementor\includes\base\element-base.php(464): Elementor\Widget_Base->print_content()
#4 C:\wamp64\www\app1\wp-content\plugins\elementor\includes\base\element-base.php(1375): Elementor\Element_Base->print_element()
#5 C:\wamp64\www\app1\wp-content\plugins\elementor\includes\base\element-base.php(464): Elementor\Element_Base->print_content()
#6 C:\wamp64\www\app1\wp-content\plugins\elementor\core\base\document.php(1739): Elementor\Element_Base->print_element()
#7 C:\wamp64\www\app1\wp-content\plugins\elementor\core\base\document.php(1134): Elementor\Core\Base\Document->print_elements(Array)
#8 C:\wamp64\www\app1\wp-content\plugins\elementor\includes\frontend.php(1179): Elementor\Core\Base\Document->print_elements_with_wrapper(Array)
#9 C:\wamp64\www\app1\wp-content\plugins\elementor\includes\frontend.php(1074): Elementor\Frontend->get_builder_content(56)
#10 C:\wamp64\www\app1\wp-includes\class-wp-hook.php(310): Elementor\Frontend->apply_builder_in_content('')
#11 C:\wamp64\www\app1\wp-includes\plugin.php(205): WP_Hook->apply_filters('', Array)
#12 C:\wamp64\www\app1\wp-includes\post-template.php(256): apply_filters('the_content', '')
#13 C:\wamp64\www\app1\wp-content\themes\hello-elementor\template-parts\single.php(25): the_content()
#14 C:\wamp64\www\app1\wp-includes\template.php(787): require('C:\\wamp64\\www\\a...')
#15 C:\wamp64\www\app1\wp-includes\template.php(720): load_template('C:\\wamp64\\www\\a...', false, Array)
#16 C:\wamp64\www\app1\wp-includes\general-template.php(206): locate_template(Array, true, false, Array)
#17 C:\wamp64\www\app1\wp-content\themes\hello-elementor\index.php(21): get_template_part('template-parts/...')
#18 C:\wamp64\www\app1\wp-includes\template-loader.php(106): include('C:\\wamp64\\www\\a...')
#19 C:\wamp64\www\app1\wp-blog-header.php(19): require_once('C:\\wamp64\\www\\a...')
#20 C:\wamp64\www\app1\index.php(17): require('C:\\wamp64\\www\\a...')
#21 {main}
  thrown in C:\wamp64\www\app1\wp-content\themes\hello-elementor\widgets\widget-1.php on line 97

2023-10-12T03:29:28+00:00 CRITICAL Uncaught Error: Call to a member function get_name() on bool in C:\wamp64\www\app1\wp-content\themes\hello-elementor\widgets\widget-1.php:97
Stack trace:
#0 C:\wamp64\www\app1\wp-content\plugins\elementor\includes\base\controls-stack.php(2265): Elementor_Test_Widget->render()
#1 C:\wamp64\www\app1\wp-content\plugins\elementor\includes\base\widget-base.php(609): Elementor\Controls_Stack->render_by_mode()
#2 C:\wamp64\www\app1\wp-content\plugins\elementor\includes\base\widget-base.php(750): Elementor\Widget_Base->render_content()
#3 C:\wamp64\www\app1\wp-content\plugins\elementor\includes\base\element-base.php(464): Elementor\Widget_Base->print_content()
#4 C:\wamp64\www\app1\wp-content\plugins\elementor\includes\base\element-base.php(1375): Elementor\Element_Base->print_element()
#5 C:\wamp64\www\app1\wp-content\plugins\elementor\includes\base\element-base.php(464): Elementor\Element_Base->print_content()
#6 C:\wamp64\www\app1\wp-content\plugins\elementor\core\base\document.php(1739): Elementor\Element_Base->print_element()
#7 C:\wamp64\www\app1\wp-content\plugins\elementor\core\base\document.php(1134): Elementor\Core\Base\Document->print_elements(Array)
#8 C:\wamp64\www\app1\wp-content\plugins\elementor\includes\frontend.php(1179): Elementor\Core\Base\Document->print_elements_with_wrapper(Array)
#9 C:\wamp64\www\app1\wp-content\plugins\elementor\includes\frontend.php(1074): Elementor\Frontend->get_builder_content(56)
#10 C:\wamp64\www\app1\wp-includes\class-wp-hook.php(310): Elementor\Frontend->apply_builder_in_content('')
#11 C:\wamp64\www\app1\wp-includes\plugin.php(205): WP_Hook->apply_filters('', Array)
#12 C:\wamp64\www\app1\wp-includes\post-template.php(256): apply_filters('the_content', '')
#13 C:\wamp64\www\app1\wp-content\themes\hello-elementor\template-parts\single.php(25): the_content()
#14 C:\wamp64\www\app1\wp-includes\template.php(787): require('C:\\wamp64\\www\\a...')
#15 C:\wamp64\www\app1\wp-includes\template.php(720): load_template('C:\\wamp64\\www\\a...', false, Array)
#16 C:\wamp64\www\app1\wp-includes\general-template.php(206): locate_template(Array, true, false, Array)
#17 C:\wamp64\www\app1\wp-content\themes\hello-elementor\index.php(21): get_template_part('template-parts/...')
#18 C:\wamp64\www\app1\wp-includes\template-loader.php(106): include('C:\\wamp64\\www\\a...')
#19 C:\wamp64\www\app1\wp-blog-header.php(19): require_once('C:\\wamp64\\www\\a...')
#20 C:\wamp64\www\app1\index.php(17): require('C:\\wamp64\\www\\a...')
#21 {main}
  thrown in C:\wamp64\www\app1\wp-content\themes\hello-elementor\widgets\widget-1.php on line 97

2023-10-12T03:30:25+00:00 CRITICAL Uncaught Error: Call to a member function get_name() on bool in C:\wamp64\www\app1\wp-content\themes\hello-elementor\widgets\widget-1.php:94
Stack trace:
#0 C:\wamp64\www\app1\wp-content\plugins\elementor\includes\base\controls-stack.php(2265): Elementor_Test_Widget->render()
#1 C:\wamp64\www\app1\wp-content\plugins\elementor\includes\base\widget-base.php(609): Elementor\Controls_Stack->render_by_mode()
#2 C:\wamp64\www\app1\wp-content\plugins\elementor\includes\base\widget-base.php(750): Elementor\Widget_Base->render_content()
#3 C:\wamp64\www\app1\wp-content\plugins\elementor\includes\base\element-base.php(464): Elementor\Widget_Base->print_content()
#4 C:\wamp64\www\app1\wp-content\plugins\elementor\includes\base\element-base.php(1375): Elementor\Element_Base->print_element()
#5 C:\wamp64\www\app1\wp-content\plugins\elementor\includes\base\element-base.php(464): Elementor\Element_Base->print_content()
#6 C:\wamp64\www\app1\wp-content\plugins\elementor\core\base\document.php(1739): Elementor\Element_Base->print_element()
#7 C:\wamp64\www\app1\wp-content\plugins\elementor\core\base\document.php(1134): Elementor\Core\Base\Document->print_elements(Array)
#8 C:\wamp64\www\app1\wp-content\plugins\elementor\includes\frontend.php(1179): Elementor\Core\Base\Document->print_elements_with_wrapper(Array)
#9 C:\wamp64\www\app1\wp-content\plugins\elementor\includes\frontend.php(1074): Elementor\Frontend->get_builder_content(56)
#10 C:\wamp64\www\app1\wp-includes\class-wp-hook.php(310): Elementor\Frontend->apply_builder_in_content('')
#11 C:\wamp64\www\app1\wp-includes\plugin.php(205): WP_Hook->apply_filters('', Array)
#12 C:\wamp64\www\app1\wp-includes\post-template.php(256): apply_filters('the_content', '')
#13 C:\wamp64\www\app1\wp-content\themes\hello-elementor\template-parts\single.php(25): the_content()
#14 C:\wamp64\www\app1\wp-includes\template.php(787): require('C:\\wamp64\\www\\a...')
#15 C:\wamp64\www\app1\wp-includes\template.php(720): load_template('C:\\wamp64\\www\\a...', false, Array)
#16 C:\wamp64\www\app1\wp-includes\general-template.php(206): locate_template(Array, true, false, Array)
#17 C:\wamp64\www\app1\wp-content\themes\hello-elementor\index.php(21): get_template_part('template-parts/...')
#18 C:\wamp64\www\app1\wp-includes\template-loader.php(106): include('C:\\wamp64\\www\\a...')
#19 C:\wamp64\www\app1\wp-blog-header.php(19): require_once('C:\\wamp64\\www\\a...')
#20 C:\wamp64\www\app1\index.php(17): require('C:\\wamp64\\www\\a...')
#21 {main}
  thrown in C:\wamp64\www\app1\wp-content\themes\hello-elementor\widgets\widget-1.php on line 94

2023-10-12T03:32:27+00:00 CRITICAL syntax error, unexpected variable "$_product", expecting "," or ";" in C:\wamp64\www\app1\wp-content\themes\hello-elementor\widgets\widget-1.php on line 95

2023-10-12T03:32:36+00:00 CRITICAL syntax error, unexpected token "echo", expecting "," or ";" in C:\wamp64\www\app1\wp-content\themes\hello-elementor\widgets\widget-1.php on line 96

2023-10-12T03:32:47+00:00 CRITICAL Uncaught Error: Call to a member function get_name() on null in C:\wamp64\www\app1\wp-content\themes\hello-elementor\widgets\widget-1.php:99
Stack trace:
#0 C:\wamp64\www\app1\wp-content\plugins\elementor\includes\base\controls-stack.php(2265): Elementor_Test_Widget->render()
#1 C:\wamp64\www\app1\wp-content\plugins\elementor\includes\base\widget-base.php(609): Elementor\Controls_Stack->render_by_mode()
#2 C:\wamp64\www\app1\wp-content\plugins\elementor\includes\base\widget-base.php(750): Elementor\Widget_Base->render_content()
#3 C:\wamp64\www\app1\wp-content\plugins\elementor\includes\base\element-base.php(464): Elementor\Widget_Base->print_content()
#4 C:\wamp64\www\app1\wp-content\plugins\elementor\includes\base\element-base.php(1375): Elementor\Element_Base->print_element()
#5 C:\wamp64\www\app1\wp-content\plugins\elementor\includes\base\element-base.php(464): Elementor\Element_Base->print_content()
#6 C:\wamp64\www\app1\wp-content\plugins\elementor\core\base\document.php(1739): Elementor\Element_Base->print_element()
#7 C:\wamp64\www\app1\wp-content\plugins\elementor\core\base\document.php(1134): Elementor\Core\Base\Document->print_elements(Array)
#8 C:\wamp64\www\app1\wp-content\plugins\elementor\includes\frontend.php(1179): Elementor\Core\Base\Document->print_elements_with_wrapper(Array)
#9 C:\wamp64\www\app1\wp-content\plugins\elementor\includes\frontend.php(1074): Elementor\Frontend->get_builder_content(56)
#10 C:\wamp64\www\app1\wp-includes\class-wp-hook.php(310): Elementor\Frontend->apply_builder_in_content('')
#11 C:\wamp64\www\app1\wp-includes\plugin.php(205): WP_Hook->apply_filters('', Array)
#12 C:\wamp64\www\app1\wp-includes\post-template.php(256): apply_filters('the_content', '')
#13 C:\wamp64\www\app1\wp-content\themes\hello-elementor\template-parts\single.php(25): the_content()
#14 C:\wamp64\www\app1\wp-includes\template.php(787): require('C:\\wamp64\\www\\a...')
#15 C:\wamp64\www\app1\wp-includes\template.php(720): load_template('C:\\wamp64\\www\\a...', false, Array)
#16 C:\wamp64\www\app1\wp-includes\general-template.php(206): locate_template(Array, true, false, Array)
#17 C:\wamp64\www\app1\wp-content\themes\hello-elementor\index.php(21): get_template_part('template-parts/...')
#18 C:\wamp64\www\app1\wp-includes\template-loader.php(106): include('C:\\wamp64\\www\\a...')
#19 C:\wamp64\www\app1\wp-blog-header.php(19): require_once('C:\\wamp64\\www\\a...')
#20 C:\wamp64\www\app1\index.php(17): require('C:\\wamp64\\www\\a...')
#21 {main}
  thrown in C:\wamp64\www\app1\wp-content\themes\hello-elementor\widgets\widget-1.php on line 99

2023-10-12T03:33:12+00:00 CRITICAL Uncaught Error: Call to a member function get_name() on null in C:\wamp64\www\app1\wp-content\themes\hello-elementor\widgets\widget-1.php:99
Stack trace:
#0 C:\wamp64\www\app1\wp-content\plugins\elementor\includes\base\controls-stack.php(2265): Elementor_Test_Widget->render()
#1 C:\wamp64\www\app1\wp-content\plugins\elementor\includes\base\widget-base.php(609): Elementor\Controls_Stack->render_by_mode()
#2 C:\wamp64\www\app1\wp-content\plugins\elementor\includes\base\widget-base.php(733): Elementor\Widget_Base->render_content()
#3 C:\wamp64\www\app1\wp-content\plugins\elementor\includes\base\element-base.php(551): Elementor\Widget_Base->get_raw_data(true)
#4 C:\wamp64\www\app1\wp-content\plugins\elementor\core\base\document.php(1013): Elementor\Element_Base->get_raw_data(true)
#5 C:\wamp64\www\app1\wp-content\plugins\elementor\core\base\document.php(679): Elementor\Core\Base\Document->get_elements_raw_data(Array, true)
#6 C:\wamp64\www\app1\wp-content\plugins\elementor\includes\base\controls-stack.php(1010): Elementor\Core\Base\Document->get_initial_config()
#7 C:\wamp64\www\app1\wp-content\plugins\elementor\core\editor\loader\common\editor-common-scripts-settings.php(33): Elementor\Controls_Stack->get_config()
#8 C:\wamp64\www\app1\wp-content\plugins\elementor\core\editor\loader\v1\editor-v1-loader.php(76): Elementor\Core\Editor\Loader\Common\Editor_Common_Scripts_Settings::get()
#9 C:\wamp64\www\app1\wp-content\plugins\elementor\core\editor\editor.php(358): Elementor\Core\Editor\Loader\V1\Editor_V1_Loader->enqueue_scripts()
#10 C:\wamp64\www\app1\wp-includes\class-wp-hook.php(310): Elementor\Core\Editor\Editor->enqueue_scripts('')
#11 C:\wamp64\www\app1\wp-includes\class-wp-hook.php(334): WP_Hook->apply_filters('', Array)
#12 C:\wamp64\www\app1\wp-includes\plugin.php(517): WP_Hook->do_action(Array)
#13 C:\wamp64\www\app1\wp-includes\script-loader.php(2225): do_action('wp_enqueue_scri...')
#14 C:\wamp64\www\app1\wp-includes\class-wp-hook.php(310): wp_enqueue_scripts('')
#15 C:\wamp64\www\app1\wp-includes\class-wp-hook.php(334): WP_Hook->apply_filters('', Array)
#16 C:\wamp64\www\app1\wp-includes\plugin.php(517): WP_Hook->do_action(Array)
#17 C:\wamp64\www\app1\wp-includes\general-template.php(3053): do_action('wp_head')
#18 C:\wamp64\www\app1\wp-content\plugins\elementor\includes\editor-templates\editor-wrapper.php(31): wp_head()
#19 C:\wamp64\www\app1\wp-content\plugins\elementor\core\editor\loader\v1\editor-v1-loader.php(110): include('C:\\wamp64\\www\\a...')
#20 C:\wamp64\www\app1\wp-content\plugins\elementor\core\editor\editor.php(163): Elementor\Core\Editor\Loader\V1\Editor_V1_Loader->print_root_template()
#21 C:\wamp64\www\app1\wp-includes\class-wp-hook.php(310): Elementor\Core\Editor\Editor->init('')
#22 C:\wamp64\www\app1\wp-includes\class-wp-hook.php(334): WP_Hook->apply_filters('', Array)
#23 C:\wamp64\www\app1\wp-includes\plugin.php(517): WP_Hook->do_action(Array)
#24 C:\wamp64\www\app1\wp-admin\admin.php(419): do_action('admin_action_el...')
#25 C:\wamp64\www\app1\wp-admin\post.php(12): require_once('C:\\wamp64\\www\\a...')
#26 {main}
  thrown in C:\wamp64\www\app1\wp-content\themes\hello-elementor\widgets\widget-1.php on line 99

2023-10-12T03:34:03+00:00 CRITICAL Uncaught Error: Call to a member function get_name() on null in C:\wamp64\www\app1\wp-content\themes\hello-elementor\widgets\widget-1.php:99
Stack trace:
#0 C:\wamp64\www\app1\wp-content\plugins\elementor\includes\base\controls-stack.php(2265): Elementor_Test_Widget->render()
#1 C:\wamp64\www\app1\wp-content\plugins\elementor\includes\base\widget-base.php(609): Elementor\Controls_Stack->render_by_mode()
#2 C:\wamp64\www\app1\wp-content\plugins\elementor\includes\base\widget-base.php(733): Elementor\Widget_Base->render_content()
#3 C:\wamp64\www\app1\wp-content\plugins\elementor\includes\base\element-base.php(551): Elementor\Widget_Base->get_raw_data(true)
#4 C:\wamp64\www\app1\wp-content\plugins\elementor\core\base\document.php(1013): Elementor\Element_Base->get_raw_data(true)
#5 C:\wamp64\www\app1\wp-content\plugins\elementor\core\base\document.php(679): Elementor\Core\Base\Document->get_elements_raw_data(Array, true)
#6 C:\wamp64\www\app1\wp-content\plugins\elementor\includes\base\controls-stack.php(1010): Elementor\Core\Base\Document->get_initial_config()
#7 C:\wamp64\www\app1\wp-content\plugins\elementor\core\editor\loader\common\editor-common-scripts-settings.php(33): Elementor\Controls_Stack->get_config()
#8 C:\wamp64\www\app1\wp-content\plugins\elementor\core\editor\loader\v1\editor-v1-loader.php(76): Elementor\Core\Editor\Loader\Common\Editor_Common_Scripts_Settings::get()
#9 C:\wamp64\www\app1\wp-content\plugins\elementor\core\editor\editor.php(358): Elementor\Core\Editor\Loader\V1\Editor_V1_Loader->enqueue_scripts()
#10 C:\wamp64\www\app1\wp-includes\class-wp-hook.php(310): Elementor\Core\Editor\Editor->enqueue_scripts('')
#11 C:\wamp64\www\app1\wp-includes\class-wp-hook.php(334): WP_Hook->apply_filters('', Array)
#12 C:\wamp64\www\app1\wp-includes\plugin.php(517): WP_Hook->do_action(Array)
#13 C:\wamp64\www\app1\wp-includes\script-loader.php(2225): do_action('wp_enqueue_scri...')
#14 C:\wamp64\www\app1\wp-includes\class-wp-hook.php(310): wp_enqueue_scripts('')
#15 C:\wamp64\www\app1\wp-includes\class-wp-hook.php(334): WP_Hook->apply_filters('', Array)
#16 C:\wamp64\www\app1\wp-includes\plugin.php(517): WP_Hook->do_action(Array)
#17 C:\wamp64\www\app1\wp-includes\general-template.php(3053): do_action('wp_head')
#18 C:\wamp64\www\app1\wp-content\plugins\elementor\includes\editor-templates\editor-wrapper.php(31): wp_head()
#19 C:\wamp64\www\app1\wp-content\plugins\elementor\core\editor\loader\v1\editor-v1-loader.php(110): include('C:\\wamp64\\www\\a...')
#20 C:\wamp64\www\app1\wp-content\plugins\elementor\core\editor\editor.php(163): Elementor\Core\Editor\Loader\V1\Editor_V1_Loader->print_root_template()
#21 C:\wamp64\www\app1\wp-includes\class-wp-hook.php(310): Elementor\Core\Editor\Editor->init('')
#22 C:\wamp64\www\app1\wp-includes\class-wp-hook.php(334): WP_Hook->apply_filters('', Array)
#23 C:\wamp64\www\app1\wp-includes\plugin.php(517): WP_Hook->do_action(Array)
#24 C:\wamp64\www\app1\wp-admin\admin.php(419): do_action('admin_action_el...')
#25 C:\wamp64\www\app1\wp-admin\post.php(12): require_once('C:\\wamp64\\www\\a...')
#26 {main}
  thrown in C:\wamp64\www\app1\wp-content\themes\hello-elementor\widgets\widget-1.php on line 99

2023-10-12T03:34:32+00:00 CRITICAL Uncaught Error: Call to a member function get_name() on null in C:\wamp64\www\app1\wp-content\themes\hello-elementor\widgets\widget-1.php:99
Stack trace:
#0 C:\wamp64\www\app1\wp-content\plugins\elementor\includes\base\controls-stack.php(2265): Elementor_Test_Widget->render()
#1 C:\wamp64\www\app1\wp-content\plugins\elementor\includes\base\widget-base.php(609): Elementor\Controls_Stack->render_by_mode()
#2 C:\wamp64\www\app1\wp-content\plugins\elementor\includes\base\widget-base.php(733): Elementor\Widget_Base->render_content()
#3 C:\wamp64\www\app1\wp-content\plugins\elementor\includes\base\element-base.php(551): Elementor\Widget_Base->get_raw_data(true)
#4 C:\wamp64\www\app1\wp-content\plugins\elementor\core\base\document.php(1013): Elementor\Element_Base->get_raw_data(true)
#5 C:\wamp64\www\app1\wp-content\plugins\elementor\core\base\document.php(679): Elementor\Core\Base\Document->get_elements_raw_data(Array, true)
#6 C:\wamp64\www\app1\wp-content\plugins\elementor\includes\base\controls-stack.php(1010): Elementor\Core\Base\Document->get_initial_config()
#7 C:\wamp64\www\app1\wp-content\plugins\elementor\core\editor\loader\common\editor-common-scripts-settings.php(33): Elementor\Controls_Stack->get_config()
#8 C:\wamp64\www\app1\wp-content\plugins\elementor\core\editor\loader\v1\editor-v1-loader.php(76): Elementor\Core\Editor\Loader\Common\Editor_Common_Scripts_Settings::get()
#9 C:\wamp64\www\app1\wp-content\plugins\elementor\core\editor\editor.php(358): Elementor\Core\Editor\Loader\V1\Editor_V1_Loader->enqueue_scripts()
#10 C:\wamp64\www\app1\wp-includes\class-wp-hook.php(310): Elementor\Core\Editor\Editor->enqueue_scripts('')
#11 C:\wamp64\www\app1\wp-includes\class-wp-hook.php(334): WP_Hook->apply_filters('', Array)
#12 C:\wamp64\www\app1\wp-includes\plugin.php(517): WP_Hook->do_action(Array)
#13 C:\wamp64\www\app1\wp-includes\script-loader.php(2225): do_action('wp_enqueue_scri...')
#14 C:\wamp64\www\app1\wp-includes\class-wp-hook.php(310): wp_enqueue_scripts('')
#15 C:\wamp64\www\app1\wp-includes\class-wp-hook.php(334): WP_Hook->apply_filters('', Array)
#16 C:\wamp64\www\app1\wp-includes\plugin.php(517): WP_Hook->do_action(Array)
#17 C:\wamp64\www\app1\wp-includes\general-template.php(3053): do_action('wp_head')
#18 C:\wamp64\www\app1\wp-content\plugins\elementor\includes\editor-templates\editor-wrapper.php(31): wp_head()
#19 C:\wamp64\www\app1\wp-content\plugins\elementor\core\editor\loader\v1\editor-v1-loader.php(110): include('C:\\wamp64\\www\\a...')
#20 C:\wamp64\www\app1\wp-content\plugins\elementor\core\editor\editor.php(163): Elementor\Core\Editor\Loader\V1\Editor_V1_Loader->print_root_template()
#21 C:\wamp64\www\app1\wp-includes\class-wp-hook.php(310): Elementor\Core\Editor\Editor->init('')
#22 C:\wamp64\www\app1\wp-includes\class-wp-hook.php(334): WP_Hook->apply_filters('', Array)
#23 C:\wamp64\www\app1\wp-includes\plugin.php(517): WP_Hook->do_action(Array)
#24 C:\wamp64\www\app1\wp-admin\admin.php(419): do_action('admin_action_el...')
#25 C:\wamp64\www\app1\wp-admin\post.php(12): require_once('C:\\wamp64\\www\\a...')
#26 {main}
  thrown in C:\wamp64\www\app1\wp-content\themes\hello-elementor\widgets\widget-1.php on line 99

2023-10-12T03:34:49+00:00 CRITICAL Uncaught Error: Call to a member function get_name() on null in C:\wamp64\www\app1\wp-content\themes\hello-elementor\widgets\widget-1.php:99
Stack trace:
#0 C:\wamp64\www\app1\wp-content\plugins\elementor\includes\base\controls-stack.php(2265): Elementor_Test_Widget->render()
#1 C:\wamp64\www\app1\wp-content\plugins\elementor\includes\base\widget-base.php(609): Elementor\Controls_Stack->render_by_mode()
#2 C:\wamp64\www\app1\wp-content\plugins\elementor\includes\base\widget-base.php(750): Elementor\Widget_Base->render_content()
#3 C:\wamp64\www\app1\wp-content\plugins\elementor\includes\base\element-base.php(464): Elementor\Widget_Base->print_content()
#4 C:\wamp64\www\app1\wp-content\plugins\elementor\includes\base\element-base.php(1375): Elementor\Element_Base->print_element()
#5 C:\wamp64\www\app1\wp-content\plugins\elementor\includes\base\element-base.php(464): Elementor\Element_Base->print_content()
#6 C:\wamp64\www\app1\wp-content\plugins\elementor\core\base\document.php(1739): Elementor\Element_Base->print_element()
#7 C:\wamp64\www\app1\wp-content\plugins\elementor\core\base\document.php(1134): Elementor\Core\Base\Document->print_elements(Array)
#8 C:\wamp64\www\app1\wp-content\plugins\elementor\includes\frontend.php(1179): Elementor\Core\Base\Document->print_elements_with_wrapper(Array)
#9 C:\wamp64\www\app1\wp-content\plugins\elementor\includes\frontend.php(1074): Elementor\Frontend->get_builder_content(56)
#10 C:\wamp64\www\app1\wp-includes\class-wp-hook.php(310): Elementor\Frontend->apply_builder_in_content('')
#11 C:\wamp64\www\app1\wp-includes\plugin.php(205): WP_Hook->apply_filters('', Array)
#12 C:\wamp64\www\app1\wp-includes\post-template.php(256): apply_filters('the_content', '')
#13 C:\wamp64\www\app1\wp-content\themes\hello-elementor\template-parts\single.php(25): the_content()
#14 C:\wamp64\www\app1\wp-includes\template.php(787): require('C:\\wamp64\\www\\a...')
#15 C:\wamp64\www\app1\wp-includes\template.php(720): load_template('C:\\wamp64\\www\\a...', false, Array)
#16 C:\wamp64\www\app1\wp-includes\general-template.php(206): locate_template(Array, true, false, Array)
#17 C:\wamp64\www\app1\wp-content\themes\hello-elementor\index.php(21): get_template_part('template-parts/...')
#18 C:\wamp64\www\app1\wp-includes\template-loader.php(106): include('C:\\wamp64\\www\\a...')
#19 C:\wamp64\www\app1\wp-blog-header.php(19): require_once('C:\\wamp64\\www\\a...')
#20 C:\wamp64\www\app1\index.php(17): require('C:\\wamp64\\www\\a...')
#21 {main}
  thrown in C:\wamp64\www\app1\wp-content\themes\hello-elementor\widgets\widget-1.php on line 99

2023-10-12T03:34:56+00:00 CRITICAL Uncaught Error: Call to a member function get_name() on null in C:\wamp64\www\app1\wp-content\themes\hello-elementor\widgets\widget-1.php:99
Stack trace:
#0 C:\wamp64\www\app1\wp-content\plugins\elementor\includes\base\controls-stack.php(2265): Elementor_Test_Widget->render()
#1 C:\wamp64\www\app1\wp-content\plugins\elementor\includes\base\widget-base.php(609): Elementor\Controls_Stack->render_by_mode()
#2 C:\wamp64\www\app1\wp-content\plugins\elementor\includes\base\widget-base.php(733): Elementor\Widget_Base->render_content()
#3 C:\wamp64\www\app1\wp-content\plugins\elementor\includes\base\element-base.php(551): Elementor\Widget_Base->get_raw_data(true)
#4 C:\wamp64\www\app1\wp-content\plugins\elementor\core\base\document.php(1013): Elementor\Element_Base->get_raw_data(true)
#5 C:\wamp64\www\app1\wp-content\plugins\elementor\core\base\document.php(679): Elementor\Core\Base\Document->get_elements_raw_data(Array, true)
#6 C:\wamp64\www\app1\wp-content\plugins\elementor\includes\base\controls-stack.php(1010): Elementor\Core\Base\Document->get_initial_config()
#7 C:\wamp64\www\app1\wp-content\plugins\elementor\core\editor\loader\common\editor-common-scripts-settings.php(33): Elementor\Controls_Stack->get_config()
#8 C:\wamp64\www\app1\wp-content\plugins\elementor\core\editor\loader\v1\editor-v1-loader.php(76): Elementor\Core\Editor\Loader\Common\Editor_Common_Scripts_Settings::get()
#9 C:\wamp64\www\app1\wp-content\plugins\elementor\core\editor\editor.php(358): Elementor\Core\Editor\Loader\V1\Editor_V1_Loader->enqueue_scripts()
#10 C:\wamp64\www\app1\wp-includes\class-wp-hook.php(310): Elementor\Core\Editor\Editor->enqueue_scripts('')
#11 C:\wamp64\www\app1\wp-includes\class-wp-hook.php(334): WP_Hook->apply_filters('', Array)
#12 C:\wamp64\www\app1\wp-includes\plugin.php(517): WP_Hook->do_action(Array)
#13 C:\wamp64\www\app1\wp-includes\script-loader.php(2225): do_action('wp_enqueue_scri...')
#14 C:\wamp64\www\app1\wp-includes\class-wp-hook.php(310): wp_enqueue_scripts('')
#15 C:\wamp64\www\app1\wp-includes\class-wp-hook.php(334): WP_Hook->apply_filters('', Array)
#16 C:\wamp64\www\app1\wp-includes\plugin.php(517): WP_Hook->do_action(Array)
#17 C:\wamp64\www\app1\wp-includes\general-template.php(3053): do_action('wp_head')
#18 C:\wamp64\www\app1\wp-content\plugins\elementor\includes\editor-templates\editor-wrapper.php(31): wp_head()
#19 C:\wamp64\www\app1\wp-content\plugins\elementor\core\editor\loader\v1\editor-v1-loader.php(110): include('C:\\wamp64\\www\\a...')
#20 C:\wamp64\www\app1\wp-content\plugins\elementor\core\editor\editor.php(163): Elementor\Core\Editor\Loader\V1\Editor_V1_Loader->print_root_template()
#21 C:\wamp64\www\app1\wp-includes\class-wp-hook.php(310): Elementor\Core\Editor\Editor->init('')
#22 C:\wamp64\www\app1\wp-includes\class-wp-hook.php(334): WP_Hook->apply_filters('', Array)
#23 C:\wamp64\www\app1\wp-includes\plugin.php(517): WP_Hook->do_action(Array)
#24 C:\wamp64\www\app1\wp-admin\admin.php(419): do_action('admin_action_el...')
#25 C:\wamp64\www\app1\wp-admin\post.php(12): require_once('C:\\wamp64\\www\\a...')
#26 {main}
  thrown in C:\wamp64\www\app1\wp-content\themes\hello-elementor\widgets\widget-1.php on line 99

2023-10-12T03:36:24+00:00 CRITICAL Uncaught Error: Call to a member function get_name() on null in C:\wamp64\www\app1\wp-content\themes\hello-elementor\widgets\widget-1.php:99
Stack trace:
#0 C:\wamp64\www\app1\wp-content\plugins\elementor\includes\base\controls-stack.php(2265): Elementor_Test_Widget->render()
#1 C:\wamp64\www\app1\wp-content\plugins\elementor\includes\base\widget-base.php(609): Elementor\Controls_Stack->render_by_mode()
#2 C:\wamp64\www\app1\wp-content\plugins\elementor\includes\base\widget-base.php(733): Elementor\Widget_Base->render_content()
#3 C:\wamp64\www\app1\wp-content\plugins\elementor\includes\base\element-base.php(551): Elementor\Widget_Base->get_raw_data(true)
#4 C:\wamp64\www\app1\wp-content\plugins\elementor\core\base\document.php(1013): Elementor\Element_Base->get_raw_data(true)
#5 C:\wamp64\www\app1\wp-content\plugins\elementor\core\base\document.php(679): Elementor\Core\Base\Document->get_elements_raw_data(Array, true)
#6 C:\wamp64\www\app1\wp-content\plugins\elementor\includes\base\controls-stack.php(1010): Elementor\Core\Base\Document->get_initial_config()
#7 C:\wamp64\www\app1\wp-content\plugins\elementor\core\editor\loader\common\editor-common-scripts-settings.php(33): Elementor\Controls_Stack->get_config()
#8 C:\wamp64\www\app1\wp-content\plugins\elementor\core\editor\loader\v1\editor-v1-loader.php(76): Elementor\Core\Editor\Loader\Common\Editor_Common_Scripts_Settings::get()
#9 C:\wamp64\www\app1\wp-content\plugins\elementor\core\editor\editor.php(358): Elementor\Core\Editor\Loader\V1\Editor_V1_Loader->enqueue_scripts()
#10 C:\wamp64\www\app1\wp-includes\class-wp-hook.php(310): Elementor\Core\Editor\Editor->enqueue_scripts('')
#11 C:\wamp64\www\app1\wp-includes\class-wp-hook.php(334): WP_Hook->apply_filters('', Array)
#12 C:\wamp64\www\app1\wp-includes\plugin.php(517): WP_Hook->do_action(Array)
#13 C:\wamp64\www\app1\wp-includes\script-loader.php(2225): do_action('wp_enqueue_scri...')
#14 C:\wamp64\www\app1\wp-includes\class-wp-hook.php(310): wp_enqueue_scripts('')
#15 C:\wamp64\www\app1\wp-includes\class-wp-hook.php(334): WP_Hook->apply_filters('', Array)
#16 C:\wamp64\www\app1\wp-includes\plugin.php(517): WP_Hook->do_action(Array)
#17 C:\wamp64\www\app1\wp-includes\general-template.php(3053): do_action('wp_head')
#18 C:\wamp64\www\app1\wp-content\plugins\elementor\includes\editor-templates\editor-wrapper.php(31): wp_head()
#19 C:\wamp64\www\app1\wp-content\plugins\elementor\core\editor\loader\v1\editor-v1-loader.php(110): include('C:\\wamp64\\www\\a...')
#20 C:\wamp64\www\app1\wp-content\plugins\elementor\core\editor\editor.php(163): Elementor\Core\Editor\Loader\V1\Editor_V1_Loader->print_root_template()
#21 C:\wamp64\www\app1\wp-includes\class-wp-hook.php(310): Elementor\Core\Editor\Editor->init('')
#22 C:\wamp64\www\app1\wp-includes\class-wp-hook.php(334): WP_Hook->apply_filters('', Array)
#23 C:\wamp64\www\app1\wp-includes\plugin.php(517): WP_Hook->do_action(Array)
#24 C:\wamp64\www\app1\wp-admin\admin.php(419): do_action('admin_action_el...')
#25 C:\wamp64\www\app1\wp-admin\post.php(12): require_once('C:\\wamp64\\www\\a...')
#26 {main}
  thrown in C:\wamp64\www\app1\wp-content\themes\hello-elementor\widgets\widget-1.php on line 99

2023-10-12T03:36:54+00:00 CRITICAL Uncaught Error: Call to a member function get_name() on null in C:\wamp64\www\app1\wp-content\themes\hello-elementor\widgets\widget-1.php:99
Stack trace:
#0 C:\wamp64\www\app1\wp-content\plugins\elementor\includes\base\controls-stack.php(2265): Elementor_Test_Widget->render()
#1 C:\wamp64\www\app1\wp-content\plugins\elementor\includes\base\widget-base.php(609): Elementor\Controls_Stack->render_by_mode()
#2 C:\wamp64\www\app1\wp-content\plugins\elementor\includes\base\widget-base.php(733): Elementor\Widget_Base->render_content()
#3 C:\wamp64\www\app1\wp-content\plugins\elementor\includes\base\element-base.php(551): Elementor\Widget_Base->get_raw_data(true)
#4 C:\wamp64\www\app1\wp-content\plugins\elementor\core\base\document.php(1013): Elementor\Element_Base->get_raw_data(true)
#5 C:\wamp64\www\app1\wp-content\plugins\elementor\core\base\document.php(679): Elementor\Core\Base\Document->get_elements_raw_data(Array, true)
#6 C:\wamp64\www\app1\wp-content\plugins\elementor\includes\base\controls-stack.php(1010): Elementor\Core\Base\Document->get_initial_config()
#7 C:\wamp64\www\app1\wp-content\plugins\elementor\core\editor\loader\common\editor-common-scripts-settings.php(33): Elementor\Controls_Stack->get_config()
#8 C:\wamp64\www\app1\wp-content\plugins\elementor\core\editor\loader\v1\editor-v1-loader.php(76): Elementor\Core\Editor\Loader\Common\Editor_Common_Scripts_Settings::get()
#9 C:\wamp64\www\app1\wp-content\plugins\elementor\core\editor\editor.php(358): Elementor\Core\Editor\Loader\V1\Editor_V1_Loader->enqueue_scripts()
#10 C:\wamp64\www\app1\wp-includes\class-wp-hook.php(310): Elementor\Core\Editor\Editor->enqueue_scripts('')
#11 C:\wamp64\www\app1\wp-includes\class-wp-hook.php(334): WP_Hook->apply_filters('', Array)
#12 C:\wamp64\www\app1\wp-includes\plugin.php(517): WP_Hook->do_action(Array)
#13 C:\wamp64\www\app1\wp-includes\script-loader.php(2225): do_action('wp_enqueue_scri...')
#14 C:\wamp64\www\app1\wp-includes\class-wp-hook.php(310): wp_enqueue_scripts('')
#15 C:\wamp64\www\app1\wp-includes\class-wp-hook.php(334): WP_Hook->apply_filters('', Array)
#16 C:\wamp64\www\app1\wp-includes\plugin.php(517): WP_Hook->do_action(Array)
#17 C:\wamp64\www\app1\wp-includes\general-template.php(3053): do_action('wp_head')
#18 C:\wamp64\www\app1\wp-content\plugins\elementor\includes\editor-templates\editor-wrapper.php(31): wp_head()
#19 C:\wamp64\www\app1\wp-content\plugins\elementor\core\editor\loader\v1\editor-v1-loader.php(110): include('C:\\wamp64\\www\\a...')
#20 C:\wamp64\www\app1\wp-content\plugins\elementor\core\editor\editor.php(163): Elementor\Core\Editor\Loader\V1\Editor_V1_Loader->print_root_template()
#21 C:\wamp64\www\app1\wp-includes\class-wp-hook.php(310): Elementor\Core\Editor\Editor->init('')
#22 C:\wamp64\www\app1\wp-includes\class-wp-hook.php(334): WP_Hook->apply_filters('', Array)
#23 C:\wamp64\www\app1\wp-includes\plugin.php(517): WP_Hook->do_action(Array)
#24 C:\wamp64\www\app1\wp-admin\admin.php(419): do_action('admin_action_el...')
#25 C:\wamp64\www\app1\wp-admin\post.php(12): require_once('C:\\wamp64\\www\\a...')
#26 {main}
  thrown in C:\wamp64\www\app1\wp-content\themes\hello-elementor\widgets\widget-1.php on line 99

2023-10-12T03:37:24+00:00 CRITICAL Uncaught Error: Call to a member function get_name() on null in C:\wamp64\www\app1\wp-content\themes\hello-elementor\widgets\widget-1.php:99
Stack trace:
#0 C:\wamp64\www\app1\wp-content\plugins\elementor\includes\base\controls-stack.php(2265): Elementor_Test_Widget->render()
#1 C:\wamp64\www\app1\wp-content\plugins\elementor\includes\base\widget-base.php(609): Elementor\Controls_Stack->render_by_mode()
#2 C:\wamp64\www\app1\wp-content\plugins\elementor\includes\base\widget-base.php(733): Elementor\Widget_Base->render_content()
#3 C:\wamp64\www\app1\wp-content\plugins\elementor\includes\base\element-base.php(551): Elementor\Widget_Base->get_raw_data(true)
#4 C:\wamp64\www\app1\wp-content\plugins\elementor\core\base\document.php(1013): Elementor\Element_Base->get_raw_data(true)
#5 C:\wamp64\www\app1\wp-content\plugins\elementor\core\base\document.php(679): Elementor\Core\Base\Document->get_elements_raw_data(Array, true)
#6 C:\wamp64\www\app1\wp-content\plugins\elementor\includes\base\controls-stack.php(1010): Elementor\Core\Base\Document->get_initial_config()
#7 C:\wamp64\www\app1\wp-content\plugins\elementor\core\editor\loader\common\editor-common-scripts-settings.php(33): Elementor\Controls_Stack->get_config()
#8 C:\wamp64\www\app1\wp-content\plugins\elementor\core\editor\loader\v1\editor-v1-loader.php(76): Elementor\Core\Editor\Loader\Common\Editor_Common_Scripts_Settings::get()
#9 C:\wamp64\www\app1\wp-content\plugins\elementor\core\editor\editor.php(358): Elementor\Core\Editor\Loader\V1\Editor_V1_Loader->enqueue_scripts()
#10 C:\wamp64\www\app1\wp-includes\class-wp-hook.php(310): Elementor\Core\Editor\Editor->enqueue_scripts('')
#11 C:\wamp64\www\app1\wp-includes\class-wp-hook.php(334): WP_Hook->apply_filters('', Array)
#12 C:\wamp64\www\app1\wp-includes\plugin.php(517): WP_Hook->do_action(Array)
#13 C:\wamp64\www\app1\wp-includes\script-loader.php(2225): do_action('wp_enqueue_scri...')
#14 C:\wamp64\www\app1\wp-includes\class-wp-hook.php(310): wp_enqueue_scripts('')
#15 C:\wamp64\www\app1\wp-includes\class-wp-hook.php(334): WP_Hook->apply_filters('', Array)
#16 C:\wamp64\www\app1\wp-includes\plugin.php(517): WP_Hook->do_action(Array)
#17 C:\wamp64\www\app1\wp-includes\general-template.php(3053): do_action('wp_head')
#18 C:\wamp64\www\app1\wp-content\plugins\elementor\includes\editor-templates\editor-wrapper.php(31): wp_head()
#19 C:\wamp64\www\app1\wp-content\plugins\elementor\core\editor\loader\v1\editor-v1-loader.php(110): include('C:\\wamp64\\www\\a...')
#20 C:\wamp64\www\app1\wp-content\plugins\elementor\core\editor\editor.php(163): Elementor\Core\Editor\Loader\V1\Editor_V1_Loader->print_root_template()
#21 C:\wamp64\www\app1\wp-includes\class-wp-hook.php(310): Elementor\Core\Editor\Editor->init('')
#22 C:\wamp64\www\app1\wp-includes\class-wp-hook.php(334): WP_Hook->apply_filters('', Array)
#23 C:\wamp64\www\app1\wp-includes\plugin.php(517): WP_Hook->do_action(Array)
#24 C:\wamp64\www\app1\wp-admin\admin.php(419): do_action('admin_action_el...')
#25 C:\wamp64\www\app1\wp-admin\post.php(12): require_once('C:\\wamp64\\www\\a...')
#26 {main}
  thrown in C:\wamp64\www\app1\wp-content\themes\hello-elementor\widgets\widget-1.php on line 99

2023-10-12T03:38:12+00:00 CRITICAL Uncaught Error: Call to a member function get_name() on null in C:\wamp64\www\app1\wp-content\themes\hello-elementor\widgets\widget-1.php:99
Stack trace:
#0 C:\wamp64\www\app1\wp-content\plugins\elementor\includes\base\controls-stack.php(2265): Elementor_Test_Widget->render()
#1 C:\wamp64\www\app1\wp-content\plugins\elementor\includes\base\widget-base.php(609): Elementor\Controls_Stack->render_by_mode()
#2 C:\wamp64\www\app1\wp-content\plugins\elementor\includes\base\widget-base.php(733): Elementor\Widget_Base->render_content()
#3 C:\wamp64\www\app1\wp-content\plugins\elementor\includes\base\element-base.php(551): Elementor\Widget_Base->get_raw_data(true)
#4 C:\wamp64\www\app1\wp-content\plugins\elementor\core\base\document.php(1013): Elementor\Element_Base->get_raw_data(true)
#5 C:\wamp64\www\app1\wp-content\plugins\elementor\core\base\document.php(679): Elementor\Core\Base\Document->get_elements_raw_data(Array, true)
#6 C:\wamp64\www\app1\wp-content\plugins\elementor\includes\base\controls-stack.php(1010): Elementor\Core\Base\Document->get_initial_config()
#7 C:\wamp64\www\app1\wp-content\plugins\elementor\core\editor\loader\common\editor-common-scripts-settings.php(33): Elementor\Controls_Stack->get_config()
#8 C:\wamp64\www\app1\wp-content\plugins\elementor\core\editor\loader\v1\editor-v1-loader.php(76): Elementor\Core\Editor\Loader\Common\Editor_Common_Scripts_Settings::get()
#9 C:\wamp64\www\app1\wp-content\plugins\elementor\core\editor\editor.php(358): Elementor\Core\Editor\Loader\V1\Editor_V1_Loader->enqueue_scripts()
#10 C:\wamp64\www\app1\wp-includes\class-wp-hook.php(310): Elementor\Core\Editor\Editor->enqueue_scripts('')
#11 C:\wamp64\www\app1\wp-includes\class-wp-hook.php(334): WP_Hook->apply_filters('', Array)
#12 C:\wamp64\www\app1\wp-includes\plugin.php(517): WP_Hook->do_action(Array)
#13 C:\wamp64\www\app1\wp-includes\script-loader.php(2225): do_action('wp_enqueue_scri...')
#14 C:\wamp64\www\app1\wp-includes\class-wp-hook.php(310): wp_enqueue_scripts('')
#15 C:\wamp64\www\app1\wp-includes\class-wp-hook.php(334): WP_Hook->apply_filters('', Array)
#16 C:\wamp64\www\app1\wp-includes\plugin.php(517): WP_Hook->do_action(Array)
#17 C:\wamp64\www\app1\wp-includes\general-template.php(3053): do_action('wp_head')
#18 C:\wamp64\www\app1\wp-content\plugins\elementor\includes\editor-templates\editor-wrapper.php(31): wp_head()
#19 C:\wamp64\www\app1\wp-content\plugins\elementor\core\editor\loader\v1\editor-v1-loader.php(110): include('C:\\wamp64\\www\\a...')
#20 C:\wamp64\www\app1\wp-content\plugins\elementor\core\editor\editor.php(163): Elementor\Core\Editor\Loader\V1\Editor_V1_Loader->print_root_template()
#21 C:\wamp64\www\app1\wp-includes\class-wp-hook.php(310): Elementor\Core\Editor\Editor->init('')
#22 C:\wamp64\www\app1\wp-includes\class-wp-hook.php(334): WP_Hook->apply_filters('', Array)
#23 C:\wamp64\www\app1\wp-includes\plugin.php(517): WP_Hook->do_action(Array)
#24 C:\wamp64\www\app1\wp-admin\admin.php(419): do_action('admin_action_el...')
#25 C:\wamp64\www\app1\wp-admin\post.php(12): require_once('C:\\wamp64\\www\\a...')
#26 {main}
  thrown in C:\wamp64\www\app1\wp-content\themes\hello-elementor\widgets\widget-1.php on line 99

2023-10-12T03:39:05+00:00 CRITICAL Uncaught Error: Call to a member function get_name() on null in C:\wamp64\www\app1\wp-content\themes\hello-elementor\widgets\widget-1.php:99
Stack trace:
#0 C:\wamp64\www\app1\wp-content\plugins\elementor\includes\base\controls-stack.php(2265): Elementor_Test_Widget->render()
#1 C:\wamp64\www\app1\wp-content\plugins\elementor\includes\base\widget-base.php(609): Elementor\Controls_Stack->render_by_mode()
#2 C:\wamp64\www\app1\wp-content\plugins\elementor\includes\base\widget-base.php(750): Elementor\Widget_Base->render_content()
#3 C:\wamp64\www\app1\wp-content\plugins\elementor\includes\base\element-base.php(464): Elementor\Widget_Base->print_content()
#4 C:\wamp64\www\app1\wp-content\plugins\elementor\includes\base\element-base.php(1375): Elementor\Element_Base->print_element()
#5 C:\wamp64\www\app1\wp-content\plugins\elementor\includes\base\element-base.php(464): Elementor\Element_Base->print_content()
#6 C:\wamp64\www\app1\wp-content\plugins\elementor\core\base\document.php(1739): Elementor\Element_Base->print_element()
#7 C:\wamp64\www\app1\wp-content\plugins\elementor\core\base\document.php(1134): Elementor\Core\Base\Document->print_elements(Array)
#8 C:\wamp64\www\app1\wp-content\plugins\elementor\includes\frontend.php(1179): Elementor\Core\Base\Document->print_elements_with_wrapper(Array)
#9 C:\wamp64\www\app1\wp-content\plugins\elementor\includes\frontend.php(1074): Elementor\Frontend->get_builder_content(56)
#10 C:\wamp64\www\app1\wp-includes\class-wp-hook.php(310): Elementor\Frontend->apply_builder_in_content('')
#11 C:\wamp64\www\app1\wp-includes\plugin.php(205): WP_Hook->apply_filters('', Array)
#12 C:\wamp64\www\app1\wp-includes\post-template.php(256): apply_filters('the_content', '')
#13 C:\wamp64\www\app1\wp-content\themes\hello-elementor\template-parts\single.php(25): the_content()
#14 C:\wamp64\www\app1\wp-includes\template.php(787): require('C:\\wamp64\\www\\a...')
#15 C:\wamp64\www\app1\wp-includes\template.php(720): load_template('C:\\wamp64\\www\\a...', false, Array)
#16 C:\wamp64\www\app1\wp-includes\general-template.php(206): locate_template(Array, true, false, Array)
#17 C:\wamp64\www\app1\wp-content\themes\hello-elementor\index.php(21): get_template_part('template-parts/...')
#18 C:\wamp64\www\app1\wp-includes\template-loader.php(106): include('C:\\wamp64\\www\\a...')
#19 C:\wamp64\www\app1\wp-blog-header.php(19): require_once('C:\\wamp64\\www\\a...')
#20 C:\wamp64\www\app1\index.php(17): require('C:\\wamp64\\www\\a...')
#21 {main}
  thrown in C:\wamp64\www\app1\wp-content\themes\hello-elementor\widgets\widget-1.php on line 99

2023-10-12T03:39:34+00:00 CRITICAL syntax error, unexpected variable "$_product", expecting "," or ";" in C:\wamp64\www\app1\wp-content\themes\hello-elementor\widgets\widget-1.php on line 95

2023-10-12T03:39:41+00:00 CRITICAL syntax error, unexpected token "var", expecting "," or ";" in C:\wamp64\www\app1\wp-content\themes\hello-elementor\widgets\widget-1.php on line 95

2023-10-12T03:42:37+00:00 CRITICAL Uncaught Error: Call to a member function get_name() on bool in C:\wamp64\www\app1\wp-content\themes\hello-elementor\widgets\widget-1.php:98
Stack trace:
#0 C:\wamp64\www\app1\wp-content\plugins\elementor\includes\base\controls-stack.php(2265): Elementor_Test_Widget->render()
#1 C:\wamp64\www\app1\wp-content\plugins\elementor\includes\base\widget-base.php(609): Elementor\Controls_Stack->render_by_mode()
#2 C:\wamp64\www\app1\wp-content\plugins\elementor\core\base\document.php(328): Elementor\Widget_Base->render_content()
#3 C:\wamp64\www\app1\wp-content\plugins\elementor\includes\managers\widgets.php(445): Elementor\Core\Base\Document->render_element(Array)
#4 [internal function]: Elementor\Widgets_Manager->ajax_render_widget(Array, Object(Elementor\Core\Common\Modules\Ajax\Module))
#5 C:\wamp64\www\app1\wp-content\plugins\elementor\core\common\modules\ajax\module.php(175): call_user_func(Array, Array, Object(Elementor\Core\Common\Modules\Ajax\Module))
#6 C:\wamp64\www\app1\wp-includes\class-wp-hook.php(310): Elementor\Core\Common\Modules\Ajax\Module->handle_ajax_request('')
#7 C:\wamp64\www\app1\wp-includes\class-wp-hook.php(334): WP_Hook->apply_filters('', Array)
#8 C:\wamp64\www\app1\wp-includes\plugin.php(517): WP_Hook->do_action(Array)
#9 C:\wamp64\www\app1\wp-admin\admin-ajax.php(188): do_action('wp_ajax_element...')
#10 {main}
  thrown in C:\wamp64\www\app1\wp-content\themes\hello-elementor\widgets\widget-1.php on line 98

2023-10-12T03:42:47+00:00 CRITICAL Uncaught Error: Call to a member function get_name() on bool in C:\wamp64\www\app1\wp-content\themes\hello-elementor\widgets\widget-1.php:98
Stack trace:
#0 C:\wamp64\www\app1\wp-content\plugins\elementor\includes\base\controls-stack.php(2265): Elementor_Test_Widget->render()
#1 C:\wamp64\www\app1\wp-content\plugins\elementor\includes\base\widget-base.php(609): Elementor\Controls_Stack->render_by_mode()
#2 C:\wamp64\www\app1\wp-content\plugins\elementor\core\base\document.php(328): Elementor\Widget_Base->render_content()
#3 C:\wamp64\www\app1\wp-content\plugins\elementor\includes\managers\widgets.php(445): Elementor\Core\Base\Document->render_element(Array)
#4 [internal function]: Elementor\Widgets_Manager->ajax_render_widget(Array, Object(Elementor\Core\Common\Modules\Ajax\Module))
#5 C:\wamp64\www\app1\wp-content\plugins\elementor\core\common\modules\ajax\module.php(175): call_user_func(Array, Array, Object(Elementor\Core\Common\Modules\Ajax\Module))
#6 C:\wamp64\www\app1\wp-includes\class-wp-hook.php(310): Elementor\Core\Common\Modules\Ajax\Module->handle_ajax_request('')
#7 C:\wamp64\www\app1\wp-includes\class-wp-hook.php(334): WP_Hook->apply_filters('', Array)
#8 C:\wamp64\www\app1\wp-includes\plugin.php(517): WP_Hook->do_action(Array)
#9 C:\wamp64\www\app1\wp-admin\admin-ajax.php(188): do_action('wp_ajax_element...')
#10 {main}
  thrown in C:\wamp64\www\app1\wp-content\themes\hello-elementor\widgets\widget-1.php on line 98

2023-10-12T03:43:16+00:00 CRITICAL Uncaught Error: Call to a member function get_name() on bool in C:\wamp64\www\app1\wp-content\themes\hello-elementor\widgets\widget-1.php:98
Stack trace:
#0 C:\wamp64\www\app1\wp-content\plugins\elementor\includes\base\controls-stack.php(2265): Elementor_Test_Widget->render()
#1 C:\wamp64\www\app1\wp-content\plugins\elementor\includes\base\widget-base.php(609): Elementor\Controls_Stack->render_by_mode()
#2 C:\wamp64\www\app1\wp-content\plugins\elementor\core\base\document.php(328): Elementor\Widget_Base->render_content()
#3 C:\wamp64\www\app1\wp-content\plugins\elementor\includes\managers\widgets.php(445): Elementor\Core\Base\Document->render_element(Array)
#4 [internal function]: Elementor\Widgets_Manager->ajax_render_widget(Array, Object(Elementor\Core\Common\Modules\Ajax\Module))
#5 C:\wamp64\www\app1\wp-content\plugins\elementor\core\common\modules\ajax\module.php(175): call_user_func(Array, Array, Object(Elementor\Core\Common\Modules\Ajax\Module))
#6 C:\wamp64\www\app1\wp-includes\class-wp-hook.php(310): Elementor\Core\Common\Modules\Ajax\Module->handle_ajax_request('')
#7 C:\wamp64\www\app1\wp-includes\class-wp-hook.php(334): WP_Hook->apply_filters('', Array)
#8 C:\wamp64\www\app1\wp-includes\plugin.php(517): WP_Hook->do_action(Array)
#9 C:\wamp64\www\app1\wp-admin\admin-ajax.php(188): do_action('wp_ajax_element...')
#10 {main}
  thrown in C:\wamp64\www\app1\wp-content\themes\hello-elementor\widgets\widget-1.php on line 98

2023-10-12T03:43:58+00:00 CRITICAL Uncaught Error: Call to a member function get_name() on bool in C:\wamp64\www\app1\wp-content\themes\hello-elementor\widgets\widget-1.php:98
Stack trace:
#0 C:\wamp64\www\app1\wp-content\plugins\elementor\includes\base\controls-stack.php(2265): Elementor_Test_Widget->render()
#1 C:\wamp64\www\app1\wp-content\plugins\elementor\includes\base\widget-base.php(609): Elementor\Controls_Stack->render_by_mode()
#2 C:\wamp64\www\app1\wp-content\plugins\elementor\core\base\document.php(328): Elementor\Widget_Base->render_content()
#3 C:\wamp64\www\app1\wp-content\plugins\elementor\includes\managers\widgets.php(445): Elementor\Core\Base\Document->render_element(Array)
#4 [internal function]: Elementor\Widgets_Manager->ajax_render_widget(Array, Object(Elementor\Core\Common\Modules\Ajax\Module))
#5 C:\wamp64\www\app1\wp-content\plugins\elementor\core\common\modules\ajax\module.php(175): call_user_func(Array, Array, Object(Elementor\Core\Common\Modules\Ajax\Module))
#6 C:\wamp64\www\app1\wp-includes\class-wp-hook.php(310): Elementor\Core\Common\Modules\Ajax\Module->handle_ajax_request('')
#7 C:\wamp64\www\app1\wp-includes\class-wp-hook.php(334): WP_Hook->apply_filters('', Array)
#8 C:\wamp64\www\app1\wp-includes\plugin.php(517): WP_Hook->do_action(Array)
#9 C:\wamp64\www\app1\wp-admin\admin-ajax.php(188): do_action('wp_ajax_element...')
#10 {main}
  thrown in C:\wamp64\www\app1\wp-content\themes\hello-elementor\widgets\widget-1.php on line 98

2023-10-12T03:45:50+00:00 CRITICAL Uncaught Error: Call to a member function get_name() on bool in C:\wamp64\www\app1\wp-content\themes\hello-elementor\widgets\widget-1.php:98
Stack trace:
#0 C:\wamp64\www\app1\wp-content\plugins\elementor\includes\base\controls-stack.php(2265): Elementor_Test_Widget->render()
#1 C:\wamp64\www\app1\wp-content\plugins\elementor\includes\base\widget-base.php(609): Elementor\Controls_Stack->render_by_mode()
#2 C:\wamp64\www\app1\wp-content\plugins\elementor\includes\base\widget-base.php(673): Elementor\Widget_Base->render_content()
#3 C:\wamp64\www\app1\wp-content\plugins\elementor\includes\db.php(202): Elementor\Widget_Base->render_plain_content()
#4 C:\wamp64\www\app1\wp-content\plugins\elementor\includes\db.php(208): Elementor\DB->render_element_plain_content(Array)
#5 C:\wamp64\www\app1\wp-content\plugins\elementor\includes\db.php(558): Elementor\DB->render_element_plain_content(Array)
#6 C:\wamp64\www\app1\wp-content\plugins\elementor\includes\db.php(539): Elementor\DB->get_plain_text_from_data(Array)
#7 C:\wamp64\www\app1\wp-content\plugins\elementor\includes\db.php(230): Elementor\DB->get_plain_text(439)
#8 C:\wamp64\www\app1\wp-content\plugins\elementor\core\base\document.php(1300): Elementor\DB->save_plain_text(439)
#9 C:\wamp64\www\app1\wp-content\plugins\elementor\core\base\document.php(789): Elementor\Core\Base\Document->save_elements(Array)
#10 C:\wamp64\www\app1\wp-content\plugins\elementor\core\documents-manager.php(545): Elementor\Core\Base\Document->save(Array)
#11 [internal function]: Elementor\Core\Documents_Manager->ajax_save(Array, Object(Elementor\Core\Common\Modules\Ajax\Module))
#12 C:\wamp64\www\app1\wp-content\plugins\elementor\core\common\modules\ajax\module.php(175): call_user_func(Array, Array, Object(Elementor\Core\Common\Modules\Ajax\Module))
#13 C:\wamp64\www\app1\wp-includes\class-wp-hook.php(310): Elementor\Core\Common\Modules\Ajax\Module->handle_ajax_request('')
#14 C:\wamp64\www\app1\wp-includes\class-wp-hook.php(334): WP_Hook->apply_filters('', Array)
#15 C:\wamp64\www\app1\wp-includes\plugin.php(517): WP_Hook->do_action(Array)
#16 C:\wamp64\www\app1\wp-admin\admin-ajax.php(188): do_action('wp_ajax_element...')
#17 {main}
  thrown in C:\wamp64\www\app1\wp-content\themes\hello-elementor\widgets\widget-1.php on line 98

